<?xml version="1.0" encoding="UTF-8"?>
<testsuite name="otus.study.cashmachine.bank.service.AccountServiceTest" tests="4" skipped="0" failures="0" errors="0" timestamp="2023-09-06T20:36:46" hostname="JAVA_PRIME" time="1.525">
  <properties/>
  <testcase name="testPutMoney()" classname="otus.study.cashmachine.bank.service.AccountServiceTest" time="1.465"/>
  <testcase name="testGetMoney()" classname="otus.study.cashmachine.bank.service.AccountServiceTest" time="0.014"/>
  <testcase name="testCreateAccount()" classname="otus.study.cashmachine.bank.service.AccountServiceTest" time="0.017"/>
  <testcase name="testCheckBalance()" classname="otus.study.cashmachine.bank.service.AccountServiceTest" time="0.01"/>
  <system-out><![CDATA[]]></system-out>
  <system-err><![CDATA[]]></system-err>
</testsuite>
